TN:
SF:/Users/vitor/Sites/growl-alert/src/util.js
FNF:0
FNH:0
DA:5,1
DA:6,1
DA:8,1
DA:9,0
DA:10,0
DA:11,0
DA:14,0
DA:16,1
DA:22,1
DA:23,1
DA:25,1
DA:32,1
DA:33,1
DA:34,1
DA:42,1
DA:43,0
DA:44,0
DA:48,0
DA:49,0
DA:50,0
DA:54,0
LF:21
LH:11
BRDA:10,1,0,0
BRDA:10,1,1,0
BRDA:33,2,0,1
BRDA:33,2,1,0
BRDA:43,3,0,0
BRDA:43,3,1,0
BRDA:49,4,0,0
BRDA:49,4,1,0
BRDA:49,5,0,0
BRDA:49,5,1,0
BRF:10
BRH:1
end_of_record
TN:
SF:/Users/vitor/Sites/growl-alert/src/vars.js
FNF:0
FNH:0
DA:5,1
DA:15,1
DA:32,1
LF:3
LH:3
BRF:0
BRH:0
end_of_record
TN:
SF:/Users/vitor/Sites/growl-alert/src/index.js
FNF:0
FNH:0
DA:4,1
DA:5,1
DA:6,1
DA:7,1
DA:9,1
DA:10,1
DA:11,1
DA:13,1
DA:15,1
DA:16,1
DA:18,1
DA:19,1
DA:22,1
DA:23,1
DA:24,1
DA:26,1
DA:28,1
DA:29,1
DA:31,1
DA:33,1
DA:34,0
DA:37,1
DA:38,0
DA:39,0
DA:44,1
DA:46,1
DA:47,1
DA:48,1
DA:50,1
DA:52,1
DA:55,1
DA:56,1
DA:57,1
DA:59,1
DA:60,0
DA:64,1
DA:65,0
DA:67,0
DA:69,0
DA:71,0
DA:72,0
DA:76,1
DA:81,1
DA:87,1
DA:92,1
DA:93,4
LF:46
LH:37
BRDA:18,1,0,1
BRDA:18,1,1,0
BRDA:28,2,0,1
BRDA:28,2,1,1
BRDA:33,3,0,0
BRDA:33,3,1,1
BRDA:37,4,0,0
BRDA:37,4,1,1
BRDA:37,5,0,1
BRDA:37,5,1,0
BRDA:59,6,0,0
BRDA:59,6,1,1
BRDA:71,7,0,0
BRDA:71,7,1,0
BRF:14
BRH:7
end_of_record
